change_id,command,time,is_change
1,open ,1763306569,0
2,show all,1763306571,0
3,show summary all,1763306592,0
4,show summary Computer Science,1763306608,0
change_id,command,time,is_change
5,open ,1763365363,0
6,show summary all,1763365368,0
7,show all,1763365434,0
8,Show summary Computer Science,1763365462,0
9,Show summary Computer,1763365554,0
10,show all,1763365953,0
11,show summary all,1763365955,0
change_id,command,time,is_change
12,open ,1763366139,0
13,show summary all,1763366145,0
14,Show summary computer science,1763366169,0
15,Show summary COMPUTER SCIENCE,1763366178,0
16,Show summary Computer Science,1763366196,0
change_id,command,time,is_change
change_id,command,time,is_change
17,insert 123,1763444416,0
18,insert 1234567,1763444418,0
change_id,command,time,is_change
change_id,command,time,is_change
change_id,command,time,is_change
change_id,command,time,is_change
change_id,command,time,is_change
19,open ,1763446314,0
20,insert 1234567,1763447963,0
21,insert 1900000,1763448003,0
22,insert 1900000,1763448013,0
23,insert 1900000,1763448093,0
24,open ,1763448100,0
25,insert 1916351,1763448119,0
26,insert 1916351,1763448143,0
27,insert 1931604,1763448175,0
28,insert 2440933,1763448192,0
29,insert 2440933,1763448558,0
30,open ,1763448661,0
31,insert 2440934,1763448672,0
32,save ,1763448684,0
33,insert 2440934,1763448693,0
34,insert 2400933,1763448739,0
35,open ,1763448741,0
36,insert 2400933,1763448744,0
37,insert 1234567,1763449147,0
38,insert 1234567,1763449502,0
39,insert 1234567,1763449879,0
40,insert 1234567,1763450059,0
41,insert 1234567,1763450449,0
42,insert 1234567,1763452882,0
43,insert 1234567,1763452896,0
44,insert 1234567,1763453649,0
45,open ,1763453718,0
46,open ,1763453752,0
47,open ,1763453842,0
48,insert 1234567,1763453853,0
49,show all,1763453861,0
50,help ,1763453870,0
51,insert 2510000,1763453911,0
52,show all,1763453914,0
53,open ,1763455109,0
54,insert 1234567,1763455119,0
55,query 1234567,1763455123,0
56,open ,1763455208,0
57,insert 1234567,1763455214,0
58,query 1234567,1763455217,0
59,open ,1763455382,0
60,insert 1234567,1763455387,0
61,query 1234567,1763455390,0
62,query 2500885,1763455398,0
63,query 2445570,1763455405,0
64,query 2500885,1763455411,0
65,open ,1763455601,0
66,insert 2510000,1763455613,0
67,query 2510000,1763455625,0
68,query 1234567,1763455630,0
69,open ,1763458754,0
70,insert 1234567,1763458760,0
71,query 1234567,1763458773,0
72,query 1234568,1763458777,0
73,open ,1763464616,0
74,insert 1234567,1763464624,0
75,query 1234567,1763464628,0
76,show all,1763464633,0
77,query 2504019,1763464638,0
78,query 1234564,1763464649,0
79,query 1234567,1763464669,0
80,update 1234567,1763464687,0
81,help ,1763464744,0
82,show summary se,1763464749,0
83,open ,1763465966,0
84,insert 1234567,1763465971,0
85,query 1234567,1763465977,0
86,update 1234567,1763465993,0
87,query 1234567,1763466001,0
88,open ,1763466075,0
89,insert 1234567,1763466085,0
90,query 1234567,1763466089,0
91,update 1234567,1763466096,0
92,open ,1763466229,0
93,insert 1234567,1763466235,0
94,open ,1763466411,0
95,show all,1763466416,0
96,update 2508534,1763466433,0
97,insert 1234567,1763468032,0
98,query 1234567,1763468036,0
99,update 1234567,1763468046,0
100,query 1234567,1763468052,0
101,insert 1234567,1763468156,0
102,query 1234567,1763468235,0
103,insert 1234567,1763468241,0
104,insert 1234567,1763468341,0
105,insert 1234567,1763468451,0
106,insert 1234567,1763469153,0
107,insert 1234566,1763469165,0
108,show log,1763469200,0
109,insert 1234567,1763469217,0
110,query 1234567,1763469259,0
111,update 1234567,1763469271,0
112,query 1234567,1763469277,0
113,insert 1234567,1763469339,0
114,update 1234567,1763469343,0
115,query 1234567,1763469347,0
116,update 1234567,1763469356,0
117,query 1234567,1763469359,0
118,update 1234567,1763469377,0
119,query 1234567,1763469380,0
